{"C:\\Users\\Bhaskar\\Desktop\\Namaste-react\\Food-villa\\src\\components\\sum.jsx": {"path":"C:\\Users\\Bhaskar\\Desktop\\Namaste-react\\Food-villa\\src\\components\\sum.jsx","statementMap":{"0":{"start":{"line":1,"column":19},"end":{"line":1,"column":34}},"1":{"start":{"line":1,"column":29},"end":{"line":1,"column":34}}},"fnMap":{"0":{"name":"(anonymous_0)","decl":{"start":{"line":1,"column":19},"end":{"line":1,"column":20}},"loc":{"start":{"line":1,"column":29},"end":{"line":1,"column":34}},"line":1}},"branchMap":{},"s":{"0":1,"1":2},"f":{"0":2},"b":{},"_coverageSchema":"1a1c01bbd47fc00a2c39e90264f33305004495a9","hash":"289922148c15d88db1d58f1d7eb622473e834fe6"}
}
