{"C:\\Users\\Bhaskar\\Desktop\\Namaste-react\\Food-villa\\src\\components\\Body.jsx": {"path":"C:\\Users\\Bhaskar\\Desktop\\Namaste-react\\Food-villa\\src\\components\\Body.jsx","statementMap":{"0":{"start":{"line":10,"column":13},"end":{"line":102,"column":1}},"1":{"start":{"line":12,"column":4},"end":{"line":12,"column":27}},"2":{"start":{"line":14,"column":52},"end":{"line":14,"column":64}},"3":{"start":{"line":15,"column":62},"end":{"line":15,"column":74}},"4":{"start":{"line":16,"column":40},"end":{"line":16,"column":65}},"5":{"start":{"line":20,"column":2},"end":{"line":22,"column":9}},"6":{"start":{"line":21,"column":31},"end":{"line":21,"column":46}},"7":{"start":{"line":24,"column":17},"end":{"line":24,"column":28}},"8":{"start":{"line":25,"column":2},"end":{"line":27,"column":3}},"9":{"start":{"line":26,"column":4},"end":{"line":26,"column":58}},"10":{"start":{"line":30,"column":17},"end":{"line":30,"column":40}},"11":{"start":{"line":31,"column":21},"end":{"line":31,"column":38}},"12":{"start":{"line":32,"column":4},"end":{"line":32,"column":70}},"13":{"start":{"line":33,"column":4},"end":{"line":33,"column":75}},"14":{"start":{"line":36,"column":2},"end":{"line":36,"column":38}},"15":{"start":{"line":36,"column":26},"end":{"line":36,"column":38}},"16":{"start":{"line":38,"column":2},"end":{"line":101,"column":4}},"17":{"start":{"line":50,"column":12},"end":{"line":50,"column":43}},"18":{"start":{"line":57,"column":25},"end":{"line":57,"column":67}},"19":{"start":{"line":58,"column":12},"end":{"line":58,"column":44}},"20":{"start":{"line":66,"column":12},"end":{"line":69,"column":15}},"21":{"start":{"line":75,"column":12},"end":{"line":78,"column":15}},"22":{"start":{"line":85,"column":12},"end":{"line":94,"column":19}}},"fnMap":{"0":{"name":"(anonymous_0)","decl":{"start":{"line":10,"column":13},"end":{"line":10,"column":14}},"loc":{"start":{"line":10,"column":27},"end":{"line":102,"column":1}},"line":10},"1":{"name":"(anonymous_1)","decl":{"start":{"line":20,"column":12},"end":{"line":20,"column":13}},"loc":{"start":{"line":20,"column":18},"end":{"line":22,"column":3}},"line":20},"2":{"name":"getRestaurant","decl":{"start":{"line":29,"column":17},"end":{"line":29,"column":30}},"loc":{"start":{"line":29,"column":33},"end":{"line":34,"column":3}},"line":29},"3":{"name":"(anonymous_3)","decl":{"start":{"line":49,"column":20},"end":{"line":49,"column":21}},"loc":{"start":{"line":49,"column":27},"end":{"line":51,"column":11}},"line":49},"4":{"name":"(anonymous_4)","decl":{"start":{"line":56,"column":19},"end":{"line":56,"column":20}},"loc":{"start":{"line":56,"column":26},"end":{"line":59,"column":11}},"line":56},"5":{"name":"(anonymous_5)","decl":{"start":{"line":65,"column":20},"end":{"line":65,"column":21}},"loc":{"start":{"line":65,"column":31},"end":{"line":70,"column":11}},"line":65},"6":{"name":"(anonymous_6)","decl":{"start":{"line":74,"column":20},"end":{"line":74,"column":21}},"loc":{"start":{"line":74,"column":26},"end":{"line":79,"column":11}},"line":74},"7":{"name":"(anonymous_7)","decl":{"start":{"line":84,"column":37},"end":{"line":84,"column":38}},"loc":{"start":{"line":85,"column":12},"end":{"line":94,"column":19}},"line":85}},"branchMap":{"0":{"loc":{"start":{"line":25,"column":2},"end":{"line":27,"column":3}},"type":"if","locations":[{"start":{"line":25,"column":2},"end":{"line":27,"column":3}},{"start":{},"end":{}}],"line":25},"1":{"loc":{"start":{"line":36,"column":2},"end":{"line":36,"column":38}},"type":"if","locations":[{"start":{"line":36,"column":2},"end":{"line":36,"column":38}},{"start":{},"end":{}}],"line":36},"2":{"loc":{"start":{"line":38,"column":9},"end":{"line":101,"column":3}},"type":"cond-expr","locations":[{"start":{"line":39,"column":4},"end":{"line":39,"column":15}},{"start":{"line":41,"column":4},"end":{"line":100,"column":7}}],"line":38},"3":{"loc":{"start":{"line":83,"column":9},"end":{"line":98,"column":9}},"type":"cond-expr","locations":[{"start":{"line":84,"column":10},"end":{"line":95,"column":12}},{"start":{"line":97,"column":10},"end":{"line":97,"column":37}}],"line":83}},"s":{"0":1,"1":4,"2":4,"3":4,"4":4,"5":4,"6":3,"7":4,"8":4,"9":0,"10":3,"11":3,"12":3,"13":3,"14":4,"15":1,"16":3,"17":0,"18":0,"19":0,"20":0,"21":0,"22":0},"f":{"0":4,"1":3,"2":3,"3":0,"4":0,"5":0,"6":0,"7":0},"b":{"0":[0,4],"1":[1,3],"2":[3,0],"3":[0,0]},"_coverageSchema":"1a1c01bbd47fc00a2c39e90264f33305004495a9","hash":"419108245b85cb675709ff7b565973c92cc30fd6"}
,"C:\\Users\\Bhaskar\\Desktop\\Namaste-react\\Food-villa\\src\\components\\Header.jsx": {"path":"C:\\Users\\Bhaskar\\Desktop\\Namaste-react\\Food-villa\\src\\components\\Header.jsx","statementMap":{"0":{"start":{"line":8,"column":15},"end":{"line":50,"column":1}},"1":{"start":{"line":9,"column":19},"end":{"line":9,"column":42}},"2":{"start":{"line":10,"column":26},"end":{"line":10,"column":41}},"3":{"start":{"line":11,"column":20},"end":{"line":11,"column":60}},"4":{"start":{"line":11,"column":43},"end":{"line":11,"column":59}},"5":{"start":{"line":13,"column":2},"end":{"line":13,"column":25}},"6":{"start":{"line":15,"column":19},"end":{"line":15,"column":30}},"7":{"start":{"line":16,"column":2},"end":{"line":49,"column":4}},"8":{"start":{"line":39,"column":33},"end":{"line":39,"column":47}},"9":{"start":{"line":42,"column":35},"end":{"line":42,"column":48}}},"fnMap":{"0":{"name":"(anonymous_0)","decl":{"start":{"line":8,"column":15},"end":{"line":8,"column":16}},"loc":{"start":{"line":8,"column":21},"end":{"line":50,"column":1}},"line":8},"1":{"name":"(anonymous_1)","decl":{"start":{"line":11,"column":32},"end":{"line":11,"column":33}},"loc":{"start":{"line":11,"column":43},"end":{"line":11,"column":59}},"line":11},"2":{"name":"(anonymous_2)","decl":{"start":{"line":39,"column":27},"end":{"line":39,"column":28}},"loc":{"start":{"line":39,"column":33},"end":{"line":39,"column":47}},"line":39},"3":{"name":"(anonymous_3)","decl":{"start":{"line":42,"column":29},"end":{"line":42,"column":30}},"loc":{"start":{"line":42,"column":35},"end":{"line":42,"column":48}},"line":42}},"branchMap":{"0":{"loc":{"start":{"line":37,"column":41},"end":{"line":37,"column":61}},"type":"cond-expr","locations":[{"start":{"line":37,"column":52},"end":{"line":37,"column":55}},{"start":{"line":37,"column":58},"end":{"line":37,"column":61}}],"line":37},"1":{"loc":{"start":{"line":38,"column":9},"end":{"line":46,"column":9}},"type":"cond-expr","locations":[{"start":{"line":39,"column":10},"end":{"line":39,"column":64}},{"start":{"line":41,"column":10},"end":{"line":45,"column":13}}],"line":38}},"s":{"0":1,"1":3,"2":3,"3":3,"4":3,"5":3,"6":3,"7":3,"8":0,"9":0},"f":{"0":3,"1":3,"2":0,"3":0},"b":{"0":[3,0],"1":[0,3]},"_coverageSchema":"1a1c01bbd47fc00a2c39e90264f33305004495a9","hash":"254f21c94a1293a5f5c9f8e72eda217d8fbebfda"}
,"C:\\Users\\Bhaskar\\Desktop\\Namaste-react\\Food-villa\\src\\components\\Shimmer.jsx": {"path":"C:\\Users\\Bhaskar\\Desktop\\Namaste-react\\Food-villa\\src\\components\\Shimmer.jsx","statementMap":{"0":{"start":{"line":3,"column":16},"end":{"line":13,"column":1}},"1":{"start":{"line":4,"column":2},"end":{"line":12,"column":4}},"2":{"start":{"line":9,"column":10},"end":{"line":9,"column":58}}},"fnMap":{"0":{"name":"(anonymous_0)","decl":{"start":{"line":3,"column":16},"end":{"line":3,"column":17}},"loc":{"start":{"line":3,"column":22},"end":{"line":13,"column":1}},"line":3},"1":{"name":"(anonymous_1)","decl":{"start":{"line":8,"column":13},"end":{"line":8,"column":14}},"loc":{"start":{"line":9,"column":10},"end":{"line":9,"column":58}},"line":9}},"branchMap":{},"s":{"0":1,"1":3,"2":60},"f":{"0":3,"1":60},"b":{},"_coverageSchema":"1a1c01bbd47fc00a2c39e90264f33305004495a9","hash":"a21d041cb6cbf83165df51ba1f541205b0f1ca7b"}
,"C:\\Users\\Bhaskar\\Desktop\\Namaste-react\\Food-villa\\src\\mocks\\data.js": {"path":"C:\\Users\\Bhaskar\\Desktop\\Namaste-react\\Food-villa\\src\\mocks\\data.js","statementMap":{"0":{"start":{"line":1,"column":24},"end":{"line":2512,"column":1}}},"fnMap":{},"branchMap":{},"s":{"0":1},"f":{},"b":{},"_coverageSchema":"1a1c01bbd47fc00a2c39e90264f33305004495a9","hash":"5002d7aaaea489c0c2e3b557b700d611ed3f8b8c"}
,"C:\\Users\\Bhaskar\\Desktop\\Namaste-react\\Food-villa\\src\\utils\\store.jsx": {"path":"C:\\Users\\Bhaskar\\Desktop\\Namaste-react\\Food-villa\\src\\utils\\store.jsx","statementMap":{"0":{"start":{"line":4,"column":14},"end":{"line":8,"column":2}}},"fnMap":{},"branchMap":{},"s":{"0":2},"f":{},"b":{},"_coverageSchema":"1a1c01bbd47fc00a2c39e90264f33305004495a9","hash":"8807775ef2a52acb24c65e60dbac095270405d9d"}
}
