TN:
SF:src\components\Body.jsx
FN:10,(anonymous_0)
FN:20,(anonymous_1)
FN:29,getRestaurant
FN:49,(anonymous_3)
FN:56,(anonymous_4)
FN:65,(anonymous_5)
FN:74,(anonymous_6)
FN:84,(anonymous_7)
FNF:8
FNH:3
FNDA:4,(anonymous_0)
FNDA:3,(anonymous_1)
FNDA:3,getRestaurant
FNDA:0,(anonymous_3)
FNDA:0,(anonymous_4)
FNDA:0,(anonymous_5)
FNDA:0,(anonymous_6)
FNDA:0,(anonymous_7)
DA:10,1
DA:12,4
DA:14,4
DA:15,4
DA:16,4
DA:20,4
DA:21,3
DA:24,4
DA:25,4
DA:26,0
DA:30,3
DA:31,3
DA:32,3
DA:33,3
DA:36,4
DA:38,3
DA:50,0
DA:57,0
DA:58,0
DA:66,0
DA:75,0
DA:85,0
LF:22
LH:15
BRDA:25,0,0,0
BRDA:25,0,1,4
BRDA:36,1,0,1
BRDA:36,1,1,3
BRDA:38,2,0,3
BRDA:38,2,1,0
BRDA:83,3,0,0
BRDA:83,3,1,0
BRF:8
BRH:4
end_of_record
TN:
SF:src\components\Header.jsx
FN:8,(anonymous_0)
FN:11,(anonymous_1)
FN:39,(anonymous_2)
FN:42,(anonymous_3)
FNF:4
FNH:2
FNDA:3,(anonymous_0)
FNDA:3,(anonymous_1)
FNDA:0,(anonymous_2)
FNDA:0,(anonymous_3)
DA:8,1
DA:9,3
DA:10,3
DA:11,3
DA:13,3
DA:15,3
DA:16,3
DA:39,0
DA:42,0
LF:9
LH:7
BRDA:37,0,0,3
BRDA:37,0,1,0
BRDA:38,1,0,0
BRDA:38,1,1,3
BRF:4
BRH:2
end_of_record
TN:
SF:src\components\Shimmer.jsx
FN:3,(anonymous_0)
FN:8,(anonymous_1)
FNF:2
FNH:2
FNDA:3,(anonymous_0)
FNDA:60,(anonymous_1)
DA:3,1
DA:4,3
DA:9,60
LF:3
LH:3
BRF:0
BRH:0
end_of_record
TN:
SF:src\mocks\data.js
FNF:0
FNH:0
DA:1,1
LF:1
LH:1
BRF:0
BRH:0
end_of_record
TN:
SF:src\utils\store.jsx
FNF:0
FNH:0
DA:4,2
LF:1
LH:1
BRF:0
BRH:0
end_of_record
